

Microchip MPLAB XC8 Assembler V2.05 build -831301201 
                                                                                               Thu Mar 14 00:26:49 2019

Microchip MPLAB XC8 C Compiler v2.05 (Free license) build 20181220022703 Og1 
     1                           	processor	18F26K80
     2                           	fnconf	rparam,??,?,0
     3                           	opt	pw 120
     4                           	opt	flic
     5                           	psect	nvCOMRAM,global,class=COMRAM,space=1,delta=1,noexec
     6                           	psect	cinit,global,reloc=2,class=CODE,delta=1
     7                           	psect	cstackCOMRAM,global,class=COMRAM,space=1,delta=1,noexec
     8                           	psect	text0,global,reloc=2,class=CODE,delta=1
     9                           	psect	text1,global,reloc=2,class=CODE,delta=1
    10                           	psect	text2,global,reloc=2,class=CODE,delta=1
    11                           	psect	text3,global,reloc=2,class=CODE,delta=1
    12                           	psect	text4,global,reloc=2,class=CODE,delta=1
    13                           	psect	text5,global,reloc=2,class=CODE,delta=1
    14                           	psect	text6,global,reloc=2,class=CODE,delta=1
    15                           	psect	text7,global,reloc=2,class=CODE,delta=1
    16                           	psect	text8,global,reloc=2,class=CODE,delta=1
    17                           	psect	intcode,global,reloc=2,class=CODE,delta=1
    18                           	psect	text10,global,reloc=2,class=CODE,delta=1
    19                           	psect	text11,global,reloc=2,class=CODE,delta=1
    20                           	psect	text12,global,reloc=2,class=CODE,delta=1
    21                           	psect	text13,global,reloc=2,class=CODE,delta=1
    22                           	psect	text14,global,reloc=2,class=CODE,delta=1
    23                           	psect	intsave_regs,global,class=BIGRAM,space=1,delta=1,noexec
    24                           	psect	text15,global,reloc=2,class=CODE,delta=1
    25                           	psect	rparam,global,class=COMRAM,space=1,delta=1,noexec
    26                           	psect	temp,global,ovrld,common,class=COMRAM,space=1,delta=1
    27  0000                     
    28                           ; Version 2.05
    29                           ; Generated 20/12/2018 GMT
    30                           ; 
    31                           ; Copyright © 2018, Microchip Technology Inc. and its subsidiaries ("Microchip")
    32                           ; All rights reserved.
    33                           ; 
    34                           ; This software is developed by Microchip Technology Inc. and its subsidiaries ("Microch
      +                          ip").
    35                           ; 
    36                           ; Redistribution and use in source and binary forms, with or without modification, are
    37                           ; permitted provided that the following conditions are met:
    38                           ; 
    39                           ;     1. Redistributions of source code must retain the above copyright notice, this lis
      +                          t of
    40                           ;        conditions and the following disclaimer.
    41                           ; 
    42                           ;     2. Redistributions in binary form must reproduce the above copyright notice, this 
      +                          list
    43                           ;        of conditions and the following disclaimer in the documentation and/or other
    44                           ;        materials provided with the distribution.
    45                           ; 
    46                           ;     3. Microchip's name may not be used to endorse or promote products derived from th
      +                          is
    47                           ;        software without specific prior written permission.
    48                           ; 
    49                           ; THIS SOFTWARE IS PROVIDED BY MICROCHIP "AS IS" AND ANY EXPRESS OR IMPLIED WARRANTIES,
    50                           ; INCLUDING, BUT NOT LIMITED TO, THE IMPLIED WARRANTIES OF MERCHANTABILITY AND FITNESS F
      +                          OR
    51                           ; PURPOSE ARE DISCLAIMED.  IN NO EVENT SHALL MICROCHIP BE LIABLE FOR ANY DIRECT, INDIREC
      +                          T,
    52                           ; INCIDENTAL, SPECIAL, EXEMPLARY, OR CONSEQUENTIAL DAMAGES (INCLUDING BUT NOT LIMITED TO
    53                           ; PROCUREMENT OF SUBSTITUTE GOODS OR SERVICES; LOSS OF USE, DATA OR PROFITS; OR BUSINESS
    54                           ; INTERRUPTION) HOWSOEVER CAUSED AND ON ANY THEORY OF LIABILITY, WHETHER IN CONTRACT, ST
      +                          RICT
    55                           ; LIABILITY, OR TORT (INCLUDING NEGLIGENCE OR OTHERWISE) ARISING IN ANY WAY OUT OF THE U
      +                          SE OF
    56                           ; THIS SOFTWARE, EVEN IF ADVISED OF THE POSSIBILITY OF SUCH DAMAGE.
    57                           ; 
    58                           ; 
    59                           ; Code-generator required, PIC18F26K80 Definitions
    60                           ; 
    61                           ; SFR Addresses
    62  0000                     
    63                           	psect	nvCOMRAM
    64  00000B                     __pnvCOMRAM:
    65                           	opt callstack 0
    66  00000B                     _CCP2_CallBack:
    67                           	opt callstack 0
    68  00000B                     	ds	2
    69  00000D                     _TMR1_InterruptHandler:
    70                           	opt callstack 0
    71  00000D                     	ds	2
    72  00000F                     _timer1ReloadVal:
    73                           	opt callstack 0
    74  00000F                     	ds	2
    75  0000                     _CCPR2H	set	3922
    76  0000                     _CCPR2L	set	3921
    77  0000                     _CCP2CON	set	3920
    78  0000                     _WPUB	set	3931
    79  0000                     _ANCON1	set	3932
    80  0000                     _ANCON0	set	3933
    81  0000                     _RCONbits	set	4048
    82  0000                     _PIE3bits	set	4003
    83  0000                     _PIR3bits	set	4004
    84  0000                     _CCPTMRSbits	set	3993
    85  0000                     _T1GCONbits	set	4010
    86  0000                     _T1CONbits	set	4045
    87  0000                     _T1CON	set	4045
    88  0000                     _PIE1bits	set	3997
    89  0000                     _PIR1bits	set	3998
    90  0000                     _TMR1L	set	4046
    91  0000                     _TMR1H	set	4047
    92  0000                     _T1GCON	set	4010
    93  0000                     _INTCONbits	set	4082
    94  0000                     _INTCON2bits	set	4081
    95  0000                     _TRISC	set	3988
    96  0000                     _TRISB	set	3987
    97  0000                     _TRISA	set	3986
    98  0000                     _LATC	set	3979
    99  0000                     _LATB	set	3978
   100  0000                     _LATA	set	3977
   101  0000                     _REFOCON	set	3994
   102  0000                     _OSCTUNE	set	3995
   103  0000                     _OSCCON2	set	4050
   104  0000                     _OSCCON	set	4051
   105  0000                     _RA6	set	31750
   106                           
   107                           ; #config settings
   108  0000                     
   109                           	psect	cinit
   110  000158                     __pcinit:
   111                           	opt callstack 0
   112  000158                     start_initialization:
   113                           	opt callstack 0
   114  000158                     __initialization:
   115                           	opt callstack 0
   116  000158                     end_of_initialization:
   117                           	opt callstack 0
   118  000158                     __end_of__initialization:
   119                           	opt callstack 0
   120  000158  9011               	bcf	int$flags,0,c	;clear compiler interrupt flag (level 1)
   121  00015A  9211               	bcf	int$flags,1,c	;clear compiler interrupt flag (level 2)
   122  00015C  0E00               	movlw	low (__Lmediumconst shr (0+16))
   123  00015E  6EF8               	movwf	tblptru,c
   124  000160  0100               	movlb	0
   125  000162  EFB9  F000         	goto	_main	;jump to C main() function
   126                           
   127                           	psect	cstackCOMRAM
   128  000001                     __pcstackCOMRAM:
   129                           	opt callstack 0
   130  000001                     TMR1_WriteTimer@timerVal:
   131                           	opt callstack 0
   132  000001                     CCP2_DefaultCallBack@capturedValue:
   133                           	opt callstack 0
   134                           
   135                           ; 2 bytes @ 0x0
   136  000001                     	ds	2
   137  000003                     CCP2_CaptureISR@module:
   138                           	opt callstack 0
   139                           
   140                           ; 2 bytes @ 0x2
   141  000003                     	ds	2
   142  000005                     ??_INTERRUPT_InterruptManager:
   143                           
   144                           ; 1 bytes @ 0x4
   145  000005                     	ds	2
   146  000007                     TMR1_SetInterruptHandler@InterruptHandler:
   147                           	opt callstack 0
   148  000007                     CCP2_SetCallBack@customCallBack:
   149                           	opt callstack 0
   150                           
   151                           ; 2 bytes @ 0x6
   152  000007                     	ds	2
   153  000009                     ??_TMR1_Initialize:
   154  000009                     
   155                           ; 1 bytes @ 0x8
   156  000009                     	ds	2
   157  00000B                     
   158                           ; 1 bytes @ 0xA
   159 ;;
   160 ;;Main: autosize = 0, tempsize = 0, incstack = 0, save=0
   161 ;;
   162 ;; *************** function _main *****************
   163 ;; Defined at:
   164 ;;		line 49 in file "main.c"
   165 ;; Parameters:    Size  Location     Type
   166 ;;		None
   167 ;; Auto vars:     Size  Location     Type
   168 ;;		None
   169 ;; Return value:  Size  Location     Type
   170 ;;                  1    wreg      void 
   171 ;; Registers used:
   172 ;;		wreg, status,2, status,0, cstack
   173 ;; Tracked objects:
   174 ;;		On entry : 0/0
   175 ;;		On exit  : 0/0
   176 ;;		Unchanged: 0/0
   177 ;; Data sizes:     COMRAM   BANK0   BANK1   BANK2   BANK3   BANK4   BANK5   BANK6   BANK7   BANK8   BANK9  BANK10  BANK1
      +1  BANK12  BANK13  BANK14
   178 ;;      Params:         0       0       0       0       0       0       0       0       0       0       0       0       
      +0       0       0       0
   179 ;;      Locals:         0       0       0       0       0       0       0       0       0       0       0       0       
      +0       0       0       0
   180 ;;      Temps:          0       0       0       0       0       0       0       0       0       0       0       0       
      +0       0       0       0
   181 ;;      Totals:         0       0       0       0       0       0       0       0       0       0       0       0       
      +0       0       0       0
   182 ;;Total ram usage:        0 bytes
   183 ;; Hardware stack levels required when called:    6
   184 ;; This function calls:
   185 ;;		_SYSTEM_Initialize
   186 ;; This function is called by:
   187 ;;		Startup code after reset
   188 ;; This function uses a non-reentrant model
   189 ;;
   190                           
   191                           	psect	text0
   192  000172                     __ptext0:
   193                           	opt callstack 0
   194  000172                     _main:
   195                           	opt callstack 25
   196                           
   197                           ;main.c: 52:     SYSTEM_Initialize();
   198                           
   199                           ;incstack = 0
   200  000172  EC98  F000         	call	_SYSTEM_Initialize	;wreg free
   201                           
   202                           ;main.c: 59:     (INTCONbits.GIE = 1);
   203  000176  8EF2               	bsf	4082,7,c	;volatile
   204                           
   205                           ;main.c: 65:     (INTCONbits.PEIE = 1);
   206  000178  8CF2               	bsf	4082,6,c	;volatile
   207  00017A                     l183:
   208                           
   209                           ;main.c: 71:     {;main.c: 75:     }
   210  00017A  D7FF               	goto	l183
   211  00017C                     __end_of_main:
   212                           	opt callstack 0
   213                           
   214 ;; *************** function _SYSTEM_Initialize *****************
   215 ;; Defined at:
   216 ;;		line 50 in file "mcc_generated_files/mcc.c"
   217 ;; Parameters:    Size  Location     Type
   218 ;;		None
   219 ;; Auto vars:     Size  Location     Type
   220 ;;		None
   221 ;; Return value:  Size  Location     Type
   222 ;;                  1    wreg      void 
   223 ;; Registers used:
   224 ;;		wreg, status,2, status,0, cstack
   225 ;; Tracked objects:
   226 ;;		On entry : 0/0
   227 ;;		On exit  : 0/0
   228 ;;		Unchanged: 0/0
   229 ;; Data sizes:     COMRAM   BANK0   BANK1   BANK2   BANK3   BANK4   BANK5   BANK6   BANK7   BANK8   BANK9  BANK10  BANK1
      +1  BANK12  BANK13  BANK14
   230 ;;      Params:         0       0       0       0       0       0       0       0       0       0       0       0       
      +0       0       0       0
   231 ;;      Locals:         0       0       0       0       0       0       0       0       0       0       0       0       
      +0       0       0       0
   232 ;;      Temps:          0       0       0       0       0       0       0       0       0       0       0       0       
      +0       0       0       0
   233 ;;      Totals:         0       0       0       0       0       0       0       0       0       0       0       0       
      +0       0       0       0
   234 ;;Total ram usage:        0 bytes
   235 ;; Hardware stack levels used:    1
   236 ;; Hardware stack levels required when called:    5
   237 ;; This function calls:
   238 ;;		_CCP2_Initialize
   239 ;;		_INTERRUPT_Initialize
   240 ;;		_OSCILLATOR_Initialize
   241 ;;		_PIN_MANAGER_Initialize
   242 ;;		_TMR1_Initialize
   243 ;; This function is called by:
   244 ;;		_main
   245 ;; This function uses a non-reentrant model
   246 ;;
   247                           
   248                           	psect	text1
   249  000130                     __ptext1:
   250                           	opt callstack 0
   251  000130                     _SYSTEM_Initialize:
   252                           	opt callstack 25
   253                           
   254                           ;mcc_generated_files/mcc.c: 53:     INTERRUPT_Initialize();
   255                           
   256                           ;incstack = 0
   257  000130  ECC8  F000         	call	_INTERRUPT_Initialize	;wreg free
   258                           
   259                           ;mcc_generated_files/mcc.c: 54:     PIN_MANAGER_Initialize();
   260  000134  EC66  F000         	call	_PIN_MANAGER_Initialize	;wreg free
   261                           
   262                           ;mcc_generated_files/mcc.c: 55:     OSCILLATOR_Initialize();
   263  000138  ECA3  F000         	call	_OSCILLATOR_Initialize	;wreg free
   264                           
   265                           ;mcc_generated_files/mcc.c: 56:     CCP2_Initialize();
   266  00013C  EC79  F000         	call	_CCP2_Initialize	;wreg free
   267                           
   268                           ;mcc_generated_files/mcc.c: 57:     TMR1_Initialize();
   269  000140  EC1E  F000         	call	_TMR1_Initialize	;wreg free
   270  000144  0012               	return		;funcret
   271  000146                     __end_of_SYSTEM_Initialize:
   272                           	opt callstack 0
   273                           
   274 ;; *************** function _TMR1_Initialize *****************
   275 ;; Defined at:
   276 ;;		line 64 in file "mcc_generated_files/tmr1.c"
   277 ;; Parameters:    Size  Location     Type
   278 ;;		None
   279 ;; Auto vars:     Size  Location     Type
   280 ;;		None
   281 ;; Return value:  Size  Location     Type
   282 ;;                  1    wreg      void 
   283 ;; Registers used:
   284 ;;		wreg, status,2, status,0, cstack
   285 ;; Tracked objects:
   286 ;;		On entry : 0/0
   287 ;;		On exit  : 0/0
   288 ;;		Unchanged: 0/0
   289 ;; Data sizes:     COMRAM   BANK0   BANK1   BANK2   BANK3   BANK4   BANK5   BANK6   BANK7   BANK8   BANK9  BANK10  BANK1
      +1  BANK12  BANK13  BANK14
   290 ;;      Params:         0       0       0       0       0       0       0       0       0       0       0       0       
      +0       0       0       0
   291 ;;      Locals:         0       0       0       0       0       0       0       0       0       0       0       0       
      +0       0       0       0
   292 ;;      Temps:          2       0       0       0       0       0       0       0       0       0       0       0       
      +0       0       0       0
   293 ;;      Totals:         2       0       0       0       0       0       0       0       0       0       0       0       
      +0       0       0       0
   294 ;;Total ram usage:        2 bytes
   295 ;; Hardware stack levels used:    1
   296 ;; Hardware stack levels required when called:    4
   297 ;; This function calls:
   298 ;;		_TMR1_SetInterruptHandler
   299 ;; This function is called by:
   300 ;;		_SYSTEM_Initialize
   301 ;; This function uses a non-reentrant model
   302 ;;
   303                           
   304                           	psect	text2
   305  00003C                     __ptext2:
   306                           	opt callstack 0
   307  00003C                     _TMR1_Initialize:
   308                           	opt callstack 25
   309                           
   310                           ;mcc_generated_files/tmr1.c: 69:     T1GCON = 0x00;
   311                           
   312                           ;incstack = 0
   313  00003C  0E00               	movlw	0
   314  00003E  6EAA               	movwf	4010,c	;volatile
   315                           
   316                           ;mcc_generated_files/tmr1.c: 72:     TMR1H = 0x00;
   317  000040  0E00               	movlw	0
   318  000042  6ECF               	movwf	4047,c	;volatile
   319                           
   320                           ;mcc_generated_files/tmr1.c: 75:     TMR1L = 0x00;
   321  000044  0E00               	movlw	0
   322  000046  6ECE               	movwf	4046,c	;volatile
   323                           
   324                           ;mcc_generated_files/tmr1.c: 78:     timer1ReloadVal=(uint16_t)((TMR1H << 8) | TMR1L);
   325  000048  50CE               	movf	4046,w,c	;volatile
   326  00004A  CFCF F009          	movff	4047,??_TMR1_Initialize	;volatile
   327  00004E  6A0A               	clrf	(??_TMR1_Initialize+1)& (0+255),c
   328  000050  C009  F00A         	movff	??_TMR1_Initialize,??_TMR1_Initialize+1
   329  000054  6A09               	clrf	??_TMR1_Initialize,c
   330  000056  1009               	iorwf	??_TMR1_Initialize,w,c
   331  000058  6E0F               	movwf	_timer1ReloadVal,c	;volatile
   332  00005A  500A               	movf	??_TMR1_Initialize+1,w,c
   333  00005C  6E10               	movwf	_timer1ReloadVal+1,c	;volatile
   334                           
   335                           ;mcc_generated_files/tmr1.c: 81:     PIR1bits.TMR1IF = 0;
   336  00005E  909E               	bcf	3998,0,c	;volatile
   337                           
   338                           ;mcc_generated_files/tmr1.c: 84:     PIE1bits.TMR1IE = 1;
   339  000060  809D               	bsf	3997,0,c	;volatile
   340                           
   341                           ;mcc_generated_files/tmr1.c: 87:     TMR1_SetInterruptHandler(TMR1_DefaultInterruptHandl
      +                          er);
   342  000062  0E94               	movlw	low _TMR1_DefaultInterruptHandler
   343  000064  6E07               	movwf	TMR1_SetInterruptHandler@InterruptHandler,c
   344  000066  0E01               	movlw	high _TMR1_DefaultInterruptHandler
   345  000068  6E08               	movwf	TMR1_SetInterruptHandler@InterruptHandler+1,c
   346  00006A  ECBE  F000         	call	_TMR1_SetInterruptHandler	;wreg free
   347                           
   348                           ;mcc_generated_files/tmr1.c: 90:     T1CON = 0x01;
   349  00006E  0E01               	movlw	1
   350  000070  6ECD               	movwf	4045,c	;volatile
   351  000072  0012               	return		;funcret
   352  000074                     __end_of_TMR1_Initialize:
   353                           	opt callstack 0
   354                           
   355 ;; *************** function _TMR1_SetInterruptHandler *****************
   356 ;; Defined at:
   357 ;;		line 171 in file "mcc_generated_files/tmr1.c"
   358 ;; Parameters:    Size  Location     Type
   359 ;;  InterruptHan    2    6[COMRAM] PTR FTN()void 
   360 ;;		 -> TMR1_DefaultInterruptHandler(1), 
   361 ;; Auto vars:     Size  Location     Type
   362 ;;		None
   363 ;; Return value:  Size  Location     Type
   364 ;;                  1    wreg      void 
   365 ;; Registers used:
   366 ;;		wreg, status,2, status,0
   367 ;; Tracked objects:
   368 ;;		On entry : 0/0
   369 ;;		On exit  : 0/0
   370 ;;		Unchanged: 0/0
   371 ;; Data sizes:     COMRAM   BANK0   BANK1   BANK2   BANK3   BANK4   BANK5   BANK6   BANK7   BANK8   BANK9  BANK10  BANK1
      +1  BANK12  BANK13  BANK14
   372 ;;      Params:         2       0       0       0       0       0       0       0       0       0       0       0       
      +0       0       0       0
   373 ;;      Locals:         0       0       0       0       0       0       0       0       0       0       0       0       
      +0       0       0       0
   374 ;;      Temps:          0       0       0       0       0       0       0       0       0       0       0       0       
      +0       0       0       0
   375 ;;      Totals:         2       0       0       0       0       0       0       0       0       0       0       0       
      +0       0       0       0
   376 ;;Total ram usage:        2 bytes
   377 ;; Hardware stack levels used:    1
   378 ;; Hardware stack levels required when called:    3
   379 ;; This function calls:
   380 ;;		Nothing
   381 ;; This function is called by:
   382 ;;		_TMR1_Initialize
   383 ;; This function uses a non-reentrant model
   384 ;;
   385                           
   386                           	psect	text3
   387  00017C                     __ptext3:
   388                           	opt callstack 0
   389  00017C                     _TMR1_SetInterruptHandler:
   390                           	opt callstack 25
   391                           
   392                           ;mcc_generated_files/tmr1.c: 172:     TMR1_InterruptHandler = InterruptHandler;
   393                           
   394                           ;incstack = 0
   395  00017C  C007  F00D         	movff	TMR1_SetInterruptHandler@InterruptHandler,_TMR1_InterruptHandler
   396  000180  C008  F00E         	movff	TMR1_SetInterruptHandler@InterruptHandler+1,_TMR1_InterruptHandler+1
   397  000184  0012               	return		;funcret
   398  000186                     __end_of_TMR1_SetInterruptHandler:
   399                           	opt callstack 0
   400                           
   401 ;; *************** function _PIN_MANAGER_Initialize *****************
   402 ;; Defined at:
   403 ;;		line 55 in file "mcc_generated_files/pin_manager.c"
   404 ;; Parameters:    Size  Location     Type
   405 ;;		None
   406 ;; Auto vars:     Size  Location     Type
   407 ;;		None
   408 ;; Return value:  Size  Location     Type
   409 ;;                  1    wreg      void 
   410 ;; Registers used:
   411 ;;		wreg, status,2
   412 ;; Tracked objects:
   413 ;;		On entry : 0/0
   414 ;;		On exit  : 0/0
   415 ;;		Unchanged: 0/0
   416 ;; Data sizes:     COMRAM   BANK0   BANK1   BANK2   BANK3   BANK4   BANK5   BANK6   BANK7   BANK8   BANK9  BANK10  BANK1
      +1  BANK12  BANK13  BANK14
   417 ;;      Params:         0       0       0       0       0       0       0       0       0       0       0       0       
      +0       0       0       0
   418 ;;      Locals:         0       0       0       0       0       0       0       0       0       0       0       0       
      +0       0       0       0
   419 ;;      Temps:          0       0       0       0       0       0       0       0       0       0       0       0       
      +0       0       0       0
   420 ;;      Totals:         0       0       0       0       0       0       0       0       0       0       0       0       
      +0       0       0       0
   421 ;;Total ram usage:        0 bytes
   422 ;; Hardware stack levels used:    1
   423 ;; Hardware stack levels required when called:    3
   424 ;; This function calls:
   425 ;;		Nothing
   426 ;; This function is called by:
   427 ;;		_SYSTEM_Initialize
   428 ;; This function uses a non-reentrant model
   429 ;;
   430                           
   431                           	psect	text4
   432  0000CC                     __ptext4:
   433                           	opt callstack 0
   434  0000CC                     _PIN_MANAGER_Initialize:
   435                           	opt callstack 26
   436                           
   437                           ;mcc_generated_files/pin_manager.c: 60:     LATA = 0x00;
   438                           
   439                           ;incstack = 0
   440  0000CC  0E00               	movlw	0
   441  0000CE  6E89               	movwf	3977,c	;volatile
   442                           
   443                           ;mcc_generated_files/pin_manager.c: 61:     LATB = 0x00;
   444  0000D0  0E00               	movlw	0
   445  0000D2  6E8A               	movwf	3978,c	;volatile
   446                           
   447                           ;mcc_generated_files/pin_manager.c: 62:     LATC = 0x00;
   448  0000D4  0E00               	movlw	0
   449  0000D6  6E8B               	movwf	3979,c	;volatile
   450                           
   451                           ;mcc_generated_files/pin_manager.c: 67:     TRISA = 0xAF;
   452  0000D8  0EAF               	movlw	175
   453  0000DA  6E92               	movwf	3986,c	;volatile
   454                           
   455                           ;mcc_generated_files/pin_manager.c: 68:     TRISB = 0xFF;
   456  0000DC  6893               	setf	3987,c	;volatile
   457                           
   458                           ;mcc_generated_files/pin_manager.c: 69:     TRISC = 0xFF;
   459  0000DE  6894               	setf	3988,c	;volatile
   460                           
   461                           ;mcc_generated_files/pin_manager.c: 74:     ANCON0 = 0x1F;
   462  0000E0  0E1F               	movlw	31
   463  0000E2  010F               	movlb	15	; () banked
   464  0000E4  6F5D               	movwf	93,b	;volatile
   465                           
   466                           ;mcc_generated_files/pin_manager.c: 75:     ANCON1 = 0x07;
   467  0000E6  0E07               	movlw	7
   468  0000E8  6F5C               	movwf	92,b	;volatile
   469                           
   470                           ;mcc_generated_files/pin_manager.c: 80:     WPUB = 0x00;
   471  0000EA  0E00               	movlw	0
   472  0000EC  6F5B               	movwf	91,b	;volatile
   473                           
   474                           ; BSR set to: 15
   475                           ;mcc_generated_files/pin_manager.c: 81:     INTCON2bits.nRBPU = 1;
   476  0000EE  8EF1               	bsf	4081,7,c	;volatile
   477                           
   478                           ; BSR set to: 15
   479  0000F0  0012               	return		;funcret
   480  0000F2                     __end_of_PIN_MANAGER_Initialize:
   481                           	opt callstack 0
   482                           
   483 ;; *************** function _OSCILLATOR_Initialize *****************
   484 ;; Defined at:
   485 ;;		line 60 in file "mcc_generated_files/mcc.c"
   486 ;; Parameters:    Size  Location     Type
   487 ;;		None
   488 ;; Auto vars:     Size  Location     Type
   489 ;;		None
   490 ;; Return value:  Size  Location     Type
   491 ;;                  1    wreg      void 
   492 ;; Registers used:
   493 ;;		wreg, status,2
   494 ;; Tracked objects:
   495 ;;		On entry : 0/0
   496 ;;		On exit  : 0/0
   497 ;;		Unchanged: 0/0
   498 ;; Data sizes:     COMRAM   BANK0   BANK1   BANK2   BANK3   BANK4   BANK5   BANK6   BANK7   BANK8   BANK9  BANK10  BANK1
      +1  BANK12  BANK13  BANK14
   499 ;;      Params:         0       0       0       0       0       0       0       0       0       0       0       0       
      +0       0       0       0
   500 ;;      Locals:         0       0       0       0       0       0       0       0       0       0       0       0       
      +0       0       0       0
   501 ;;      Temps:          0       0       0       0       0       0       0       0       0       0       0       0       
      +0       0       0       0
   502 ;;      Totals:         0       0       0       0       0       0       0       0       0       0       0       0       
      +0       0       0       0
   503 ;;Total ram usage:        0 bytes
   504 ;; Hardware stack levels used:    1
   505 ;; Hardware stack levels required when called:    3
   506 ;; This function calls:
   507 ;;		Nothing
   508 ;; This function is called by:
   509 ;;		_SYSTEM_Initialize
   510 ;; This function uses a non-reentrant model
   511 ;;
   512                           
   513                           	psect	text5
   514  000146                     __ptext5:
   515                           	opt callstack 0
   516  000146                     _OSCILLATOR_Initialize:
   517                           	opt callstack 26
   518                           
   519                           ;mcc_generated_files/mcc.c: 63:     OSCCON = 0x60;
   520                           
   521                           ; BSR set to: 15
   522                           ;incstack = 0
   523  000146  0E60               	movlw	96
   524  000148  6ED3               	movwf	4051,c	;volatile
   525                           
   526                           ;mcc_generated_files/mcc.c: 65:     OSCCON2 = 0x00;
   527  00014A  0E00               	movlw	0
   528  00014C  6ED2               	movwf	4050,c	;volatile
   529                           
   530                           ;mcc_generated_files/mcc.c: 67:     OSCTUNE = 0x00;
   531  00014E  0E00               	movlw	0
   532  000150  6E9B               	movwf	3995,c	;volatile
   533                           
   534                           ;mcc_generated_files/mcc.c: 69:     REFOCON = 0x00;
   535  000152  0E00               	movlw	0
   536  000154  6E9A               	movwf	3994,c	;volatile
   537  000156  0012               	return		;funcret
   538  000158                     __end_of_OSCILLATOR_Initialize:
   539                           	opt callstack 0
   540                           
   541 ;; *************** function _INTERRUPT_Initialize *****************
   542 ;; Defined at:
   543 ;;		line 52 in file "mcc_generated_files/interrupt_manager.c"
   544 ;; Parameters:    Size  Location     Type
   545 ;;		None
   546 ;; Auto vars:     Size  Location     Type
   547 ;;		None
   548 ;; Return value:  Size  Location     Type
   549 ;;                  1    wreg      void 
   550 ;; Registers used:
   551 ;;		None
   552 ;; Tracked objects:
   553 ;;		On entry : 0/0
   554 ;;		On exit  : 0/0
   555 ;;		Unchanged: 0/0
   556 ;; Data sizes:     COMRAM   BANK0   BANK1   BANK2   BANK3   BANK4   BANK5   BANK6   BANK7   BANK8   BANK9  BANK10  BANK1
      +1  BANK12  BANK13  BANK14
   557 ;;      Params:         0       0       0       0       0       0       0       0       0       0       0       0       
      +0       0       0       0
   558 ;;      Locals:         0       0       0       0       0       0       0       0       0       0       0       0       
      +0       0       0       0
   559 ;;      Temps:          0       0       0       0       0       0       0       0       0       0       0       0       
      +0       0       0       0
   560 ;;      Totals:         0       0       0       0       0       0       0       0       0       0       0       0       
      +0       0       0       0
   561 ;;Total ram usage:        0 bytes
   562 ;; Hardware stack levels used:    1
   563 ;; Hardware stack levels required when called:    3
   564 ;; This function calls:
   565 ;;		Nothing
   566 ;; This function is called by:
   567 ;;		_SYSTEM_Initialize
   568 ;; This function uses a non-reentrant model
   569 ;;
   570                           
   571                           	psect	text6
   572  000190                     __ptext6:
   573                           	opt callstack 0
   574  000190                     _INTERRUPT_Initialize:
   575                           	opt callstack 26
   576                           
   577                           ;mcc_generated_files/interrupt_manager.c: 55:     RCONbits.IPEN = 0;
   578                           
   579                           ;incstack = 0
   580  000190  9ED0               	bcf	4048,7,c	;volatile
   581  000192  0012               	return		;funcret
   582  000194                     __end_of_INTERRUPT_Initialize:
   583                           	opt callstack 0
   584                           
   585 ;; *************** function _CCP2_Initialize *****************
   586 ;; Defined at:
   587 ;;		line 70 in file "mcc_generated_files/ccp2.c"
   588 ;; Parameters:    Size  Location     Type
   589 ;;		None
   590 ;; Auto vars:     Size  Location     Type
   591 ;;		None
   592 ;; Return value:  Size  Location     Type
   593 ;;                  1    wreg      void 
   594 ;; Registers used:
   595 ;;		wreg, status,2, status,0, cstack
   596 ;; Tracked objects:
   597 ;;		On entry : 0/0
   598 ;;		On exit  : 0/0
   599 ;;		Unchanged: 0/0
   600 ;; Data sizes:     COMRAM   BANK0   BANK1   BANK2   BANK3   BANK4   BANK5   BANK6   BANK7   BANK8   BANK9  BANK10  BANK1
      +1  BANK12  BANK13  BANK14
   601 ;;      Params:         0       0       0       0       0       0       0       0       0       0       0       0       
      +0       0       0       0
   602 ;;      Locals:         0       0       0       0       0       0       0       0       0       0       0       0       
      +0       0       0       0
   603 ;;      Temps:          0       0       0       0       0       0       0       0       0       0       0       0       
      +0       0       0       0
   604 ;;      Totals:         0       0       0       0       0       0       0       0       0       0       0       0       
      +0       0       0       0
   605 ;;Total ram usage:        0 bytes
   606 ;; Hardware stack levels used:    1
   607 ;; Hardware stack levels required when called:    4
   608 ;; This function calls:
   609 ;;		_CCP2_SetCallBack
   610 ;; This function is called by:
   611 ;;		_SYSTEM_Initialize
   612 ;; This function uses a non-reentrant model
   613 ;;
   614                           
   615                           	psect	text7
   616  0000F2                     __ptext7:
   617                           	opt callstack 0
   618  0000F2                     _CCP2_Initialize:
   619                           	opt callstack 25
   620                           
   621                           ;mcc_generated_files/ccp2.c: 75:  CCP2CON = 0x05;
   622                           
   623                           ;incstack = 0
   624  0000F2  0E05               	movlw	5
   625  0000F4  010F               	movlb	15	; () banked
   626  0000F6  6F50               	movwf	80,b	;volatile
   627                           
   628                           ;mcc_generated_files/ccp2.c: 78:  CCPR2L = 0x00;
   629  0000F8  0E00               	movlw	0
   630  0000FA  6F51               	movwf	81,b	;volatile
   631                           
   632                           ;mcc_generated_files/ccp2.c: 81:  CCPR2H = 0x00;
   633  0000FC  0E00               	movlw	0
   634  0000FE  6F52               	movwf	82,b	;volatile
   635                           
   636                           ; BSR set to: 15
   637                           ;mcc_generated_files/ccp2.c: 84:     CCP2_SetCallBack(CCP2_DefaultCallBack);
   638  000100  0E66               	movlw	low _CCP2_DefaultCallBack
   639  000102  6E07               	movwf	CCP2_SetCallBack@customCallBack,c
   640  000104  0E01               	movlw	high _CCP2_DefaultCallBack
   641  000106  6E08               	movwf	CCP2_SetCallBack@customCallBack+1,c
   642  000108  ECC3  F000         	call	_CCP2_SetCallBack	;wreg free
   643                           
   644                           ;mcc_generated_files/ccp2.c: 87:  CCPTMRSbits.C2TSEL = 0x0;
   645  00010C  9299               	bcf	3993,1,c	;volatile
   646                           
   647                           ;mcc_generated_files/ccp2.c: 90:     PIR3bits.CCP2IF = 0;
   648  00010E  94A4               	bcf	4004,2,c	;volatile
   649                           
   650                           ;mcc_generated_files/ccp2.c: 93:     PIE3bits.CCP2IE = 1;
   651  000110  84A3               	bsf	4003,2,c	;volatile
   652  000112  0012               	return		;funcret
   653  000114                     __end_of_CCP2_Initialize:
   654                           	opt callstack 0
   655                           
   656 ;; *************** function _CCP2_SetCallBack *****************
   657 ;; Defined at:
   658 ;;		line 111 in file "mcc_generated_files/ccp2.c"
   659 ;; Parameters:    Size  Location     Type
   660 ;;  customCallBa    2    6[COMRAM] PTR FTN(unsigned short ,
   661 ;;		 -> CCP2_DefaultCallBack(1), 
   662 ;; Auto vars:     Size  Location     Type
   663 ;;		None
   664 ;; Return value:  Size  Location     Type
   665 ;;                  1    wreg      void 
   666 ;; Registers used:
   667 ;;		wreg, status,2, status,0
   668 ;; Tracked objects:
   669 ;;		On entry : 0/0
   670 ;;		On exit  : 0/0
   671 ;;		Unchanged: 0/0
   672 ;; Data sizes:     COMRAM   BANK0   BANK1   BANK2   BANK3   BANK4   BANK5   BANK6   BANK7   BANK8   BANK9  BANK10  BANK1
      +1  BANK12  BANK13  BANK14
   673 ;;      Params:         2       0       0       0       0       0       0       0       0       0       0       0       
      +0       0       0       0
   674 ;;      Locals:         0       0       0       0       0       0       0       0       0       0       0       0       
      +0       0       0       0
   675 ;;      Temps:          0       0       0       0       0       0       0       0       0       0       0       0       
      +0       0       0       0
   676 ;;      Totals:         2       0       0       0       0       0       0       0       0       0       0       0       
      +0       0       0       0
   677 ;;Total ram usage:        2 bytes
   678 ;; Hardware stack levels used:    1
   679 ;; Hardware stack levels required when called:    3
   680 ;; This function calls:
   681 ;;		Nothing
   682 ;; This function is called by:
   683 ;;		_CCP2_Initialize
   684 ;; This function uses a non-reentrant model
   685 ;;
   686                           
   687                           	psect	text8
   688  000186                     __ptext8:
   689                           	opt callstack 0
   690  000186                     _CCP2_SetCallBack:
   691                           	opt callstack 25
   692                           
   693                           ;mcc_generated_files/ccp2.c: 112:     CCP2_CallBack = customCallBack;
   694                           
   695                           ;incstack = 0
   696  000186  C007  F00B         	movff	CCP2_SetCallBack@customCallBack,_CCP2_CallBack
   697  00018A  C008  F00C         	movff	CCP2_SetCallBack@customCallBack+1,_CCP2_CallBack+1
   698  00018E  0012               	return		;funcret
   699  000190                     __end_of_CCP2_SetCallBack:
   700                           	opt callstack 0
   701                           
   702 ;; *************** function _INTERRUPT_InterruptManager *****************
   703 ;; Defined at:
   704 ;;		line 58 in file "mcc_generated_files/interrupt_manager.c"
   705 ;; Parameters:    Size  Location     Type
   706 ;;		None
   707 ;; Auto vars:     Size  Location     Type
   708 ;;		None
   709 ;; Return value:  Size  Location     Type
   710 ;;                  1    wreg      void 
   711 ;; Registers used:
   712 ;;		wreg, status,2, status,0, pclath, tosl, cstack
   713 ;; Tracked objects:
   714 ;;		On entry : 0/0
   715 ;;		On exit  : 0/0
   716 ;;		Unchanged: 0/0
   717 ;; Data sizes:     COMRAM   BANK0   BANK1   BANK2   BANK3   BANK4   BANK5   BANK6   BANK7   BANK8   BANK9  BANK10  BANK1
      +1  BANK12  BANK13  BANK14
   718 ;;      Params:         0       0       0       0       0       0       0       0       0       0       0       0       
      +0       0       0       0
   719 ;;      Locals:         0       0       0       0       0       0       0       0       0       0       0       0       
      +0       0       0       0
   720 ;;      Temps:          2       0       0       0       0       0       0       0       0       0       0       0       
      +0       0       0       0
   721 ;;      Totals:         2       0       0       0       0       0       0       0       0       0       0       0       
      +0       0       0       0
   722 ;;Total ram usage:        2 bytes
   723 ;; Hardware stack levels used:    1
   724 ;; Hardware stack levels required when called:    2
   725 ;; This function calls:
   726 ;;		_CCP2_CaptureISR
   727 ;;		_TMR1_ISR
   728 ;; This function is called by:
   729 ;;		Interrupt level 2
   730 ;; This function uses a non-reentrant model
   731 ;;
   732                           
   733                           	psect	intcode
   734  000008                     __pintcode:
   735                           	opt callstack 0
   736  000008                     _INTERRUPT_InterruptManager:
   737                           	opt callstack 25
   738                           
   739                           ;incstack = 0
   740  000008  8211               	bsf	btemp,1,c	;set compiler interrupt flag (level 2)
   741  00000A  CFFA F005          	movff	pclath,??_INTERRUPT_InterruptManager
   742  00000E  CFFB F006          	movff	pclatu,??_INTERRUPT_InterruptManager+1
   743                           
   744                           ;mcc_generated_files/interrupt_manager.c: 62:     if(INTCONbits.PEIE == 1)
   745  000012  ACF2               	btfss	4082,6,c	;volatile
   746  000014  D00B               	goto	i2l170
   747                           
   748                           ;mcc_generated_files/interrupt_manager.c: 63:     {;mcc_generated_files/interrupt_manage
      +                          r.c: 64:         if(PIE3bits.CCP2IE == 1 && PIR3bits.CCP2IF == 1)
   749  000016  B4A3               	btfsc	4003,2,c	;volatile
   750  000018  A4A4               	btfss	4004,2,c	;volatile
   751  00001A  D003               	goto	i2l169
   752                           
   753                           ;mcc_generated_files/interrupt_manager.c: 65:         {;mcc_generated_files/interrupt_ma
      +                          nager.c: 67:             CCP2_CaptureISR();
   754  00001C  EC51  F000         	call	_CCP2_CaptureISR	;wreg free
   755                           
   756                           ;mcc_generated_files/interrupt_manager.c: 68:         }
   757  000020  D005               	goto	i2l170
   758  000022                     i2l169:
   759  000022  B09D               	btfsc	3997,0,c	;volatile
   760  000024  A09E               	btfss	3998,0,c	;volatile
   761  000026  D002               	goto	i2l170
   762                           
   763                           ;mcc_generated_files/interrupt_manager.c: 70:         {;mcc_generated_files/interrupt_ma
      +                          nager.c: 72:             TMR1_ISR();
   764  000028  EC3A  F000         	call	_TMR1_ISR	;wreg free
   765  00002C                     i2l170:
   766                           
   767                           ;mcc_generated_files/interrupt_manager.c: 80:     }
   768  00002C  C006  FFFB         	movff	??_INTERRUPT_InterruptManager+1,pclatu
   769  000030  C005  FFFA         	movff	??_INTERRUPT_InterruptManager,pclath
   770  000034  9211               	bcf	btemp,1,c	;clear compiler interrupt flag (level 2)
   771  000036  0011               	retfie		f
   772  000038                     __end_of_INTERRUPT_InterruptManager:
   773                           	opt callstack 0
   774                           
   775 ;; *************** function _TMR1_ISR *****************
   776 ;; Defined at:
   777 ;;		line 157 in file "mcc_generated_files/tmr1.c"
   778 ;; Parameters:    Size  Location     Type
   779 ;;		None
   780 ;; Auto vars:     Size  Location     Type
   781 ;;		None
   782 ;; Return value:  Size  Location     Type
   783 ;;                  1    wreg      void 
   784 ;; Registers used:
   785 ;;		wreg, status,2, status,0, pclath, tosl, cstack
   786 ;; Tracked objects:
   787 ;;		On entry : 0/0
   788 ;;		On exit  : 0/0
   789 ;;		Unchanged: 0/0
   790 ;; Data sizes:     COMRAM   BANK0   BANK1   BANK2   BANK3   BANK4   BANK5   BANK6   BANK7   BANK8   BANK9  BANK10  BANK1
      +1  BANK12  BANK13  BANK14
   791 ;;      Params:         0       0       0       0       0       0       0       0       0       0       0       0       
      +0       0       0       0
   792 ;;      Locals:         0       0       0       0       0       0       0       0       0       0       0       0       
      +0       0       0       0
   793 ;;      Temps:          0       0       0       0       0       0       0       0       0       0       0       0       
      +0       0       0       0
   794 ;;      Totals:         0       0       0       0       0       0       0       0       0       0       0       0       
      +0       0       0       0
   795 ;;Total ram usage:        0 bytes
   796 ;; Hardware stack levels used:    1
   797 ;; Hardware stack levels required when called:    1
   798 ;; This function calls:
   799 ;;		Absolute function
   800 ;;		_TMR1_DefaultInterruptHandler
   801 ;;		_TMR1_WriteTimer
   802 ;; This function is called by:
   803 ;;		_INTERRUPT_InterruptManager
   804 ;; This function uses a non-reentrant model
   805 ;;
   806                           
   807                           	psect	text10
   808  000074                     __ptext10:
   809                           	opt callstack 0
   810  000074                     _TMR1_ISR:
   811                           	opt callstack 25
   812                           
   813                           ;mcc_generated_files/tmr1.c: 161:     PIR1bits.TMR1IF = 0;
   814                           
   815                           ;incstack = 0
   816  000074  909E               	bcf	3998,0,c	;volatile
   817                           
   818                           ;mcc_generated_files/tmr1.c: 162:     TMR1_WriteTimer(timer1ReloadVal);
   819  000076  C00F  F001         	movff	_timer1ReloadVal,TMR1_WriteTimer@timerVal	;volatile
   820  00007A  C010  F002         	movff	_timer1ReloadVal+1,TMR1_WriteTimer@timerVal+1	;volatile
   821  00007E  EC8A  F000         	call	_TMR1_WriteTimer	;wreg free
   822                           
   823                           ;mcc_generated_files/tmr1.c: 164:     if(TMR1_InterruptHandler)
   824  000082  500D               	movf	_TMR1_InterruptHandler,w,c
   825  000084  100E               	iorwf	_TMR1_InterruptHandler+1,w,c
   826  000086  B4D8               	btfsc	status,2,c
   827  000088  0012               	return	
   828                           
   829                           ;mcc_generated_files/tmr1.c: 165:     {;mcc_generated_files/tmr1.c: 166:         TMR1_In
      +                          terruptHandler();
   830  00008A  D801               	call	i2u14_48
   831  00008C  0012               	return	
   832  00008E                     i2u14_48:
   833  00008E  0005               	push	
   834  000090  6EFA               	movwf	pclath,c
   835  000092  500D               	movf	_TMR1_InterruptHandler,w,c
   836  000094  6EFD               	movwf	tosl,c
   837  000096  500E               	movf	_TMR1_InterruptHandler+1,w,c
   838  000098  6EFE               	movwf	tosh,c
   839  00009A  50F8               	movf	tblptru,w,c
   840  00009C  6EFF               	movwf	tosu,c
   841  00009E  50FA               	movf	pclath,w,c
   842  0000A0  0012               	return		;indir
   843  0000A2                     __end_of_TMR1_ISR:
   844                           	opt callstack 0
   845                           
   846 ;; *************** function _TMR1_WriteTimer *****************
   847 ;; Defined at:
   848 ;;		line 120 in file "mcc_generated_files/tmr1.c"
   849 ;; Parameters:    Size  Location     Type
   850 ;;  timerVal        2    0[COMRAM] unsigned short 
   851 ;; Auto vars:     Size  Location     Type
   852 ;;		None
   853 ;; Return value:  Size  Location     Type
   854 ;;                  1    wreg      void 
   855 ;; Registers used:
   856 ;;		wreg, status,2
   857 ;; Tracked objects:
   858 ;;		On entry : 0/0
   859 ;;		On exit  : 0/0
   860 ;;		Unchanged: 0/0
   861 ;; Data sizes:     COMRAM   BANK0   BANK1   BANK2   BANK3   BANK4   BANK5   BANK6   BANK7   BANK8   BANK9  BANK10  BANK1
      +1  BANK12  BANK13  BANK14
   862 ;;      Params:         2       0       0       0       0       0       0       0       0       0       0       0       
      +0       0       0       0
   863 ;;      Locals:         0       0       0       0       0       0       0       0       0       0       0       0       
      +0       0       0       0
   864 ;;      Temps:          0       0       0       0       0       0       0       0       0       0       0       0       
      +0       0       0       0
   865 ;;      Totals:         2       0       0       0       0       0       0       0       0       0       0       0       
      +0       0       0       0
   866 ;;Total ram usage:        2 bytes
   867 ;; Hardware stack levels used:    1
   868 ;; This function calls:
   869 ;;		Nothing
   870 ;; This function is called by:
   871 ;;		_TMR1_ISR
   872 ;;		_TMR1_Reload
   873 ;; This function uses a non-reentrant model
   874 ;;
   875                           
   876                           	psect	text11
   877  000114                     __ptext11:
   878                           	opt callstack 0
   879  000114                     _TMR1_WriteTimer:
   880                           	opt callstack 25
   881                           
   882                           ;mcc_generated_files/tmr1.c: 120: void TMR1_WriteTimer(uint16_t timerVal);mcc_generated_
      +                          files/tmr1.c: 121: {;mcc_generated_files/tmr1.c: 122:     if (T1CONbits.nT1SYNC == 1)
   883                           
   884                           ;incstack = 0
   885  000114  A4CD               	btfss	4045,2,c	;volatile
   886  000116  D007               	goto	i2l1014
   887                           
   888                           ;mcc_generated_files/tmr1.c: 123:     {;mcc_generated_files/tmr1.c: 125:         T1CONbi
      +                          ts.TMR1ON = 0;
   889  000118  90CD               	bcf	4045,0,c	;volatile
   890                           
   891                           ;mcc_generated_files/tmr1.c: 128:         TMR1H = (timerVal >> 8);
   892  00011A  5002               	movf	TMR1_WriteTimer@timerVal+1,w,c
   893  00011C  6ECF               	movwf	4047,c	;volatile
   894                           
   895                           ;mcc_generated_files/tmr1.c: 129:         TMR1L = timerVal;
   896  00011E  C001  FFCE         	movff	TMR1_WriteTimer@timerVal,4046	;volatile
   897                           
   898                           ;mcc_generated_files/tmr1.c: 132:         T1CONbits.TMR1ON =1;
   899  000122  80CD               	bsf	4045,0,c	;volatile
   900                           
   901                           ;mcc_generated_files/tmr1.c: 133:     }
   902  000124  0012               	return	
   903  000126                     i2l1014:
   904                           
   905                           ;mcc_generated_files/tmr1.c: 135:     {;mcc_generated_files/tmr1.c: 137:         TMR1H =
      +                           (timerVal >> 8);
   906  000126  5002               	movf	TMR1_WriteTimer@timerVal+1,w,c
   907  000128  6ECF               	movwf	4047,c	;volatile
   908                           
   909                           ;mcc_generated_files/tmr1.c: 138:         TMR1L = timerVal;
   910  00012A  C001  FFCE         	movff	TMR1_WriteTimer@timerVal,4046	;volatile
   911  00012E  0012               	return		;funcret
   912  000130                     __end_of_TMR1_WriteTimer:
   913                           	opt callstack 0
   914                           
   915 ;; *************** function _TMR1_DefaultInterruptHandler *****************
   916 ;; Defined at:
   917 ;;		line 175 in file "mcc_generated_files/tmr1.c"
   918 ;; Parameters:    Size  Location     Type
   919 ;;		None
   920 ;; Auto vars:     Size  Location     Type
   921 ;;		None
   922 ;; Return value:  Size  Location     Type
   923 ;;                  1    wreg      void 
   924 ;; Registers used:
   925 ;;		None
   926 ;; Tracked objects:
   927 ;;		On entry : 0/0
   928 ;;		On exit  : 0/0
   929 ;;		Unchanged: 0/0
   930 ;; Data sizes:     COMRAM   BANK0   BANK1   BANK2   BANK3   BANK4   BANK5   BANK6   BANK7   BANK8   BANK9  BANK10  BANK1
      +1  BANK12  BANK13  BANK14
   931 ;;      Params:         0       0       0       0       0       0       0       0       0       0       0       0       
      +0       0       0       0
   932 ;;      Locals:         0       0       0       0       0       0       0       0       0       0       0       0       
      +0       0       0       0
   933 ;;      Temps:          0       0       0       0       0       0       0       0       0       0       0       0       
      +0       0       0       0
   934 ;;      Totals:         0       0       0       0       0       0       0       0       0       0       0       0       
      +0       0       0       0
   935 ;;Total ram usage:        0 bytes
   936 ;; Hardware stack levels used:    1
   937 ;; This function calls:
   938 ;;		Nothing
   939 ;; This function is called by:
   940 ;;		_TMR1_Initialize
   941 ;;		_TMR1_ISR
   942 ;; This function uses a non-reentrant model
   943 ;;
   944                           
   945                           	psect	text12
   946  000194                     __ptext12:
   947                           	opt callstack 0
   948  000194                     _TMR1_DefaultInterruptHandler:
   949                           	opt callstack 25
   950                           
   951                           ;incstack = 0
   952  000194  0012               	return		;funcret
   953  000196                     __end_of_TMR1_DefaultInterruptHandler:
   954                           	opt callstack 0
   955                           
   956 ;; *************** function _CCP2_CaptureISR *****************
   957 ;; Defined at:
   958 ;;		line 96 in file "mcc_generated_files/ccp2.c"
   959 ;; Parameters:    Size  Location     Type
   960 ;;		None
   961 ;; Auto vars:     Size  Location     Type
   962 ;;  module          2    2[COMRAM] struct CCPR2Reg_tag
   963 ;; Return value:  Size  Location     Type
   964 ;;                  1    wreg      void 
   965 ;; Registers used:
   966 ;;		wreg, pclath, tosl, cstack
   967 ;; Tracked objects:
   968 ;;		On entry : 0/0
   969 ;;		On exit  : 0/0
   970 ;;		Unchanged: 0/0
   971 ;; Data sizes:     COMRAM   BANK0   BANK1   BANK2   BANK3   BANK4   BANK5   BANK6   BANK7   BANK8   BANK9  BANK10  BANK1
      +1  BANK12  BANK13  BANK14
   972 ;;      Params:         0       0       0       0       0       0       0       0       0       0       0       0       
      +0       0       0       0
   973 ;;      Locals:         2       0       0       0       0       0       0       0       0       0       0       0       
      +0       0       0       0
   974 ;;      Temps:          0       0       0       0       0       0       0       0       0       0       0       0       
      +0       0       0       0
   975 ;;      Totals:         2       0       0       0       0       0       0       0       0       0       0       0       
      +0       0       0       0
   976 ;;Total ram usage:        2 bytes
   977 ;; Hardware stack levels used:    1
   978 ;; Hardware stack levels required when called:    1
   979 ;; This function calls:
   980 ;;		Absolute function
   981 ;;		_CCP2_DefaultCallBack
   982 ;; This function is called by:
   983 ;;		_INTERRUPT_InterruptManager
   984 ;; This function uses a non-reentrant model
   985 ;;
   986                           
   987                           	psect	text13
   988  0000A2                     __ptext13:
   989                           	opt callstack 0
   990  0000A2                     _CCP2_CaptureISR:
   991                           	opt callstack 25
   992                           
   993                           ;mcc_generated_files/ccp2.c: 98:     CCP2_PERIOD_REG_T module;;mcc_generated_files/ccp2.
      +                          c: 101:     PIR3bits.CCP2IF = 0;
   994                           
   995                           ;incstack = 0
   996  0000A2  94A4               	bcf	4004,2,c	;volatile
   997                           
   998                           ;mcc_generated_files/ccp2.c: 104:     module.ccpr2l = CCPR2L;
   999  0000A4  CF51 F003          	movff	3921,CCP2_CaptureISR@module	;volatile
  1000                           
  1001                           ;mcc_generated_files/ccp2.c: 105:     module.ccpr2h = CCPR2H;
  1002  0000A8  CF52 F004          	movff	3922,CCP2_CaptureISR@module+1	;volatile
  1003                           
  1004                           ;mcc_generated_files/ccp2.c: 108:     CCP2_CallBack(module.ccpr2_16Bit);
  1005  0000AC  C003  F001         	movff	CCP2_CaptureISR@module,CCP2_DefaultCallBack@capturedValue
  1006  0000B0  C004  F002         	movff	CCP2_CaptureISR@module+1,CCP2_DefaultCallBack@capturedValue+1
  1007  0000B4  D801               	call	i2u15_48
  1008  0000B6  0012               	return	
  1009  0000B8                     i2u15_48:
  1010  0000B8  0005               	push	
  1011  0000BA  6EFA               	movwf	pclath,c
  1012  0000BC  500B               	movf	_CCP2_CallBack,w,c
  1013  0000BE  6EFD               	movwf	tosl,c
  1014  0000C0  500C               	movf	_CCP2_CallBack+1,w,c
  1015  0000C2  6EFE               	movwf	tosh,c
  1016  0000C4  50F8               	movf	tblptru,w,c
  1017  0000C6  6EFF               	movwf	tosu,c
  1018  0000C8  50FA               	movf	pclath,w,c
  1019  0000CA  0012               	return		;indir
  1020  0000CC                     __end_of_CCP2_CaptureISR:
  1021                           	opt callstack 0
  1022                           
  1023 ;; *************** function _CCP2_DefaultCallBack *****************
  1024 ;; Defined at:
  1025 ;;		line 60 in file "mcc_generated_files/ccp2.c"
  1026 ;; Parameters:    Size  Location     Type
  1027 ;;  capturedValu    2    0[COMRAM] unsigned short 
  1028 ;; Auto vars:     Size  Location     Type
  1029 ;;		None
  1030 ;; Return value:  Size  Location     Type
  1031 ;;                  1    wreg      void 
  1032 ;; Registers used:
  1033 ;;		None
  1034 ;; Tracked objects:
  1035 ;;		On entry : 0/0
  1036 ;;		On exit  : 0/0
  1037 ;;		Unchanged: 0/0
  1038 ;; Data sizes:     COMRAM   BANK0   BANK1   BANK2   BANK3   BANK4   BANK5   BANK6   BANK7   BANK8   BANK9  BANK10  BANK1
      +1  BANK12  BANK13  BANK14
  1039 ;;      Params:         2       0       0       0       0       0       0       0       0       0       0       0       
      +0       0       0       0
  1040 ;;      Locals:         0       0       0       0       0       0       0       0       0       0       0       0       
      +0       0       0       0
  1041 ;;      Temps:          0       0       0       0       0       0       0       0       0       0       0       0       
      +0       0       0       0
  1042 ;;      Totals:         2       0       0       0       0       0       0       0       0       0       0       0       
      +0       0       0       0
  1043 ;;Total ram usage:        2 bytes
  1044 ;; Hardware stack levels used:    1
  1045 ;; This function calls:
  1046 ;;		Nothing
  1047 ;; This function is called by:
  1048 ;;		_CCP2_Initialize
  1049 ;;		_CCP2_CaptureISR
  1050 ;; This function uses a non-reentrant model
  1051 ;;
  1052                           
  1053                           	psect	text14
  1054  000166                     __ptext14:
  1055                           	opt callstack 0
  1056  000166                     _CCP2_DefaultCallBack:
  1057                           	opt callstack 25
  1058                           
  1059                           ;mcc_generated_files/ccp2.c: 60: static void CCP2_DefaultCallBack(uint16_t capturedValue
      +                          );mcc_generated_files/ccp2.c: 61: {;mcc_generated_files/ccp2.c: 64:          if(RA6 == 0
      +                          )
  1060                           
  1061                           ;incstack = 0
  1062  000166  BC80               	btfsc	3968,6,c	;volatile
  1063  000168  D002               	goto	i2l133
  1064                           
  1065                           ;mcc_generated_files/ccp2.c: 65:                 RA6 = 1;
  1066  00016A  8C80               	bsf	3968,6,c	;volatile
  1067  00016C  0012               	return	
  1068  00016E                     i2l133:
  1069                           
  1070                           ;mcc_generated_files/ccp2.c: 67:                 RA6 = 0;
  1071  00016E  9C80               	bcf	3968,6,c	;volatile
  1072  000170  0012               	return		;funcret
  1073  000172                     __end_of_CCP2_DefaultCallBack:
  1074                           	opt callstack 0
  1075  0000                     
  1076                           	psect	text15
  1077  000000                     __ptext15:
  1078                           	opt callstack 0
  1079                           
  1080                           	psect	rparam
  1081  0000                     
  1082                           	psect	temp
  1083  000011                     btemp:
  1084                           	opt callstack 0
  1085  000011                     	ds	1
  1086  0000                     int$flags	set	btemp
  1087  0000                     wtemp8	set	btemp+1
  1088  0000                     ttemp5	set	btemp+1
  1089  0000                     ttemp6	set	btemp+4
  1090  0000                     ttemp7	set	btemp+8
  1091                           tosu	equ	0xFFF
  1092                           tosh	equ	0xFFE
  1093                           tosl	equ	0xFFD
  1094                           stkptr	equ	0xFFC
  1095                           pclatu	equ	0xFFB
  1096                           pclath	equ	0xFFA
  1097                           pcl	equ	0xFF9
  1098                           tblptru	equ	0xFF8
  1099                           tblptrh	equ	0xFF7
  1100                           tblptrl	equ	0xFF6
  1101                           tablat	equ	0xFF5
  1102                           prodh	equ	0xFF4
  1103                           prodl	equ	0xFF3
  1104                           indf0	equ	0xFEF
  1105                           postinc0	equ	0xFEE
  1106                           postdec0	equ	0xFED
  1107                           preinc0	equ	0xFEC
  1108                           plusw0	equ	0xFEB
  1109                           fsr0h	equ	0xFEA
  1110                           fsr0l	equ	0xFE9
  1111                           wreg	equ	0xFE8
  1112                           indf1	equ	0xFE7
  1113                           postinc1	equ	0xFE6
  1114                           postdec1	equ	0xFE5
  1115                           preinc1	equ	0xFE4
  1116                           plusw1	equ	0xFE3
  1117                           fsr1h	equ	0xFE2
  1118                           fsr1l	equ	0xFE1
  1119                           bsr	equ	0xFE0
  1120                           indf2	equ	0xFDF
  1121                           postinc2	equ	0xFDE
  1122                           postdec2	equ	0xFDD
  1123                           preinc2	equ	0xFDC
  1124                           plusw2	equ	0xFDB
  1125                           fsr2h	equ	0xFDA
  1126                           fsr2l	equ	0xFD9
  1127                           status	equ	0xFD8


Data Sizes:
    Strings     0
    Constant    0
    Data        0
    BSS         0
    Persistent  6
    Stack       0

Auto Spaces:
    Space          Size  Autos    Used
    COMRAM           94     10      16
    BANK0           160      0       0
    BANK1           256      0       0
    BANK2           256      0       0
    BANK3           256      0       0
    BANK4           256      0       0
    BANK5           256      0       0
    BANK6           256      0       0
    BANK7           256      0       0
    BANK8           256      0       0
    BANK9           256      0       0
    BANK10          256      0       0
    BANK11          256      0       0
    BANK12          256      0       0
    BANK13          256      0       0
    BANK14           65      0       0

Pointer List with Targets:

    CCP2_SetCallBack@customCallBack	PTR FTN(unsigned short ,)void  size(2) Largest target is 1
		 -> CCP2_DefaultCallBack(), 

    CCP2_CallBack	PTR FTN(unsigned short ,)void  size(2) Largest target is 1
		 -> CCP2_DefaultCallBack(), Absolute function(), 

    TMR1_SetInterruptHandler@InterruptHandler	PTR FTN()void  size(2) Largest target is 1
		 -> TMR1_DefaultInterruptHandler(), 

    TMR1_InterruptHandler	PTR FTN()void  size(2) Largest target is 1
		 -> Absolute function(), TMR1_DefaultInterruptHandler(), 


Critical Paths under _main in COMRAM

    _SYSTEM_Initialize->_TMR1_Initialize
    _TMR1_Initialize->_TMR1_SetInterruptHandler
    _CCP2_Initialize->_CCP2_SetCallBack

Critical Paths under _INTERRUPT_InterruptManager in COMRAM

    _INTERRUPT_InterruptManager->_CCP2_CaptureISR
    _TMR1_ISR->_TMR1_WriteTimer
    _CCP2_CaptureISR->_CCP2_DefaultCallBack

Critical Paths under _main in BANK0

    None.

Critical Paths under _INTERRUPT_InterruptManager in BANK0

    None.

Critical Paths under _main in BANK1

    None.

Critical Paths under _INTERRUPT_InterruptManager in BANK1

    None.

Critical Paths under _main in BANK2

    None.

Critical Paths under _INTERRUPT_InterruptManager in BANK2

    None.

Critical Paths under _main in BANK3

    None.

Critical Paths under _INTERRUPT_InterruptManager in BANK3

    None.

Critical Paths under _main in BANK4

    None.

Critical Paths under _INTERRUPT_InterruptManager in BANK4

    None.

Critical Paths under _main in BANK5

    None.

Critical Paths under _INTERRUPT_InterruptManager in BANK5

    None.

Critical Paths under _main in BANK6

    None.

Critical Paths under _INTERRUPT_InterruptManager in BANK6

    None.

Critical Paths under _main in BANK7

    None.

Critical Paths under _INTERRUPT_InterruptManager in BANK7

    None.

Critical Paths under _main in BANK8

    None.

Critical Paths under _INTERRUPT_InterruptManager in BANK8

    None.

Critical Paths under _main in BANK9

    None.

Critical Paths under _INTERRUPT_InterruptManager in BANK9

    None.

Critical Paths under _main in BANK10

    None.

Critical Paths under _INTERRUPT_InterruptManager in BANK10

    None.

Critical Paths under _main in BANK11

    None.

Critical Paths under _INTERRUPT_InterruptManager in BANK11

    None.

Critical Paths under _main in BANK12

    None.

Critical Paths under _INTERRUPT_InterruptManager in BANK12

    None.

Critical Paths under _main in BANK13

    None.

Critical Paths under _INTERRUPT_InterruptManager in BANK13

    None.

Critical Paths under _main in BANK14

    None.

Critical Paths under _INTERRUPT_InterruptManager in BANK14

    None.

Call Graph Tables:

 ---------------------------------------------------------------------------------
 (Depth) Function   	        Calls       Base Space   Used Autos Params    Refs
 ---------------------------------------------------------------------------------
 (0) _main                                                 0     0      0     196
                  _SYSTEM_Initialize
 ---------------------------------------------------------------------------------
 (1) _SYSTEM_Initialize                                    0     0      0     196
                    _CCP2_Initialize
               _INTERRUPT_Initialize
              _OSCILLATOR_Initialize
             _PIN_MANAGER_Initialize
                    _TMR1_Initialize
 ---------------------------------------------------------------------------------
 (2) _TMR1_Initialize                                      2     2      0      98
                                              8 COMRAM     2     2      0
           _TMR1_SetInterruptHandler
 ---------------------------------------------------------------------------------
 (3) _TMR1_SetInterruptHandler                             2     0      2      98
                                              6 COMRAM     2     0      2
 ---------------------------------------------------------------------------------
 (2) _PIN_MANAGER_Initialize                               0     0      0       0
 ---------------------------------------------------------------------------------
 (2) _OSCILLATOR_Initialize                                0     0      0       0
 ---------------------------------------------------------------------------------
 (2) _INTERRUPT_Initialize                                 0     0      0       0
 ---------------------------------------------------------------------------------
 (2) _CCP2_Initialize                                      0     0      0      98
                   _CCP2_SetCallBack
 ---------------------------------------------------------------------------------
 (3) _CCP2_SetCallBack                                     2     0      2      98
                                              6 COMRAM     2     0      2
 ---------------------------------------------------------------------------------
 Estimated maximum stack depth 3
 ---------------------------------------------------------------------------------
 (Depth) Function   	        Calls       Base Space   Used Autos Params    Refs
 ---------------------------------------------------------------------------------
 (4) _INTERRUPT_InterruptManager                           2     2      0     340
                                              4 COMRAM     2     2      0
                    _CCP2_CaptureISR
                           _TMR1_ISR
 ---------------------------------------------------------------------------------
 (5) _TMR1_ISR                                             0     0      0     240
                   Absolute function *
       _TMR1_DefaultInterruptHandler *
                    _TMR1_WriteTimer
 ---------------------------------------------------------------------------------
 (6) _TMR1_WriteTimer                                      2     0      2     240
                                              0 COMRAM     2     0      2
 ---------------------------------------------------------------------------------
 (6) _TMR1_DefaultInterruptHandler                         0     0      0       0
 ---------------------------------------------------------------------------------
 (5) _CCP2_CaptureISR                                      2     2      0     100
                                              2 COMRAM     2     2      0
                   Absolute function *
               _CCP2_DefaultCallBack *
 ---------------------------------------------------------------------------------
 (6) _CCP2_DefaultCallBack                                 2     0      2      53
                                              0 COMRAM     2     0      2
 ---------------------------------------------------------------------------------
 (6) Absolute function(Fake)                               0     0      0       0
 ---------------------------------------------------------------------------------
 Estimated maximum stack depth 6
 ---------------------------------------------------------------------------------

 Call Graph Graphs:

 _main (ROOT)
   _SYSTEM_Initialize
     _CCP2_Initialize
       _CCP2_SetCallBack
     _INTERRUPT_Initialize
     _OSCILLATOR_Initialize
     _PIN_MANAGER_Initialize
     _TMR1_Initialize
       _TMR1_SetInterruptHandler

 _INTERRUPT_InterruptManager (ROOT)
   _CCP2_CaptureISR
     Absolute function(Fake) *
     _CCP2_DefaultCallBack *
   _TMR1_ISR
     Absolute function(Fake) *
     _TMR1_DefaultInterruptHandler *
     _TMR1_WriteTimer *

 Address spaces:
Name               Size   Autos  Total    Cost      Usage
BITCOMRAM           5E      0       0       0        0.0%
EEDATA             400      0       0       0        0.0%
NULL                 0      0       0       0        0.0%
CODE                 0      0       0       0        0.0%
COMRAM              5E      A      10       1       17.0%
STACK                0      0       0       2        0.0%
DATA                 0      0      10       3        0.0%
BITBANK0            A0      0       0       4        0.0%
BANK0               A0      0       0       5        0.0%
ABS                  0      0      10       6        0.0%
BITBANK1           100      0       0       7        0.0%
BANK1              100      0       0       8        0.0%
BITBANK2           100      0       0       9        0.0%
BANK2              100      0       0      10        0.0%
BITBANK3           100      0       0      11        0.0%
BANK3              100      0       0      12        0.0%
BITBANK4           100      0       0      13        0.0%
BANK4              100      0       0      14        0.0%
BITBANK5           100      0       0      15        0.0%
BANK5              100      0       0      16        0.0%
BITBANK6           100      0       0      17        0.0%
BANK6              100      0       0      18        0.0%
BITBANK7           100      0       0      19        0.0%
BANK7              100      0       0      20        0.0%
BITBANK8           100      0       0      21        0.0%
BANK8              100      0       0      22        0.0%
BITBANK9           100      0       0      23        0.0%
BANK9              100      0       0      24        0.0%
BITBANK10          100      0       0      25        0.0%
BANK10             100      0       0      26        0.0%
BITBANK11          100      0       0      27        0.0%
BANK11             100      0       0      28        0.0%
BITBANK12          100      0       0      29        0.0%
BANK12             100      0       0      30        0.0%
BITBANK13          100      0       0      31        0.0%
BANK13             100      0       0      32        0.0%
BITBANK14           41      0       0      33        0.0%
BANK14              41      0       0      34        0.0%
BIGRAM             E40      0       0      35        0.0%
BITSFR_2             0      0       0     200        0.0%
SFR_2                0      0       0     200        0.0%
BITSFR_1             0      0       0     200        0.0%
SFR_1                0      0       0     200        0.0%
BITSFR               0      0       0     200        0.0%
SFR                  0      0       0     200        0.0%


Microchip Technology PIC18 Macro Assembler V2.05 build -831301201 
Symbol Table                                                                                   Thu Mar 14 00:26:49 2019

                             __CFG_BORV$3 000000                              __CFG_CP0$OFF 000000  
                            __CFG_CP1$OFF 000000                              __CFG_CP2$OFF 000000  
                            __CFG_CP3$OFF 000000                                       l183 017A  
                            __CFG_CPB$OFF 000000                                       _RA6 007C06  
                            __CFG_CPD$OFF 000000                           _timer1ReloadVal 000F  
                                     tosl 000FFD                                      _LATA 000F89  
                                    _LATB 000F8A                                      _LATC 000F8B  
                                    _WPUB 000F5B                   __end_of_CCP2_Initialize 0114  
                                    _main 0172                                      btemp 0011  
                                    start 0038                             __CFG_IESO$OFF 000000  
              ??_TMR1_SetInterruptHandler 0009                             __CFG_MCLRE$ON 000000  
                            ___param_bank 000000            __size_of_OSCILLATOR_Initialize 0012  
           __end_of_OSCILLATOR_Initialize 0158                                     ?_main 0001  
                                   _T1CON 000FCD                                     i2l133 016E  
                                   i2l170 002C                                     i2l169 0022  
                                   _TMR1H 000FCF                                     _TMR1L 000FCE  
                                   _TRISA 000F92                                     _TRISB 000F93  
                                   _TRISC 000F94                             __CFG_WRT0$OFF 000000  
                           __CFG_WRT1$OFF 000000                             __CFG_WRT2$OFF 000000  
                           __CFG_WRT3$OFF 000000                            __CFG_EBTR0$OFF 000000  
                          __CFG_FCMEN$OFF 000000                            __CFG_EBTR1$OFF 000000  
                          __CFG_EBTR2$OFF 000000                            __CFG_EBTR3$OFF 000000  
                        __end_of_TMR1_ISR 00A2                             __CFG_WRTB$OFF 000000  
                           __CFG_WRTC$OFF 000000                             __CFG_WRTD$OFF 000000  
                        ?_CCP2_CaptureISR 0001                            __CFG_EBTRB$OFF 000000  
                 __end_of_TMR1_Initialize 0074                                     pclath 000FFA  
                                   ttemp5 0012                                     ttemp6 0015  
                                   ttemp7 0019                                     status 000FD8  
                                   wtemp8 0012                           _TMR1_WriteTimer 0114  
                __end_of_CCP2_SetCallBack 0190                           __initialization 0158  
                            __end_of_main 017C               ?_INTERRUPT_InterruptManager 0001  
                                  ??_main 000B                             __activetblptr 000002  
                          __CFG_RETEN$OFF 000000                                    _CCPR2H 000F52  
                                  _CCPR2L 000F51                                    _ANCON0 000F5D  
                                  _ANCON1 000F5C                                    _T1GCON 000FAA  
                 TMR1_WriteTimer@timerVal 0001                                    i2l1014 0126  
                         __CFG_BBSIZ$BB2K 000000                            __CFG_WDTEN$OFF 000000  
                                  _OSCCON 000FD3                          ?_CCP2_Initialize 0001  
                          __CFG_XINST$OFF 000000      __end_of_TMR1_DefaultInterruptHandler 0196  
   __size_of_TMR1_DefaultInterruptHandler 0002              _TMR1_DefaultInterruptHandler 0194  
                           _CCP2_CallBack 000B                            __CFG_STVREN$ON 000000  
       CCP2_DefaultCallBack@capturedValue 0001                                    tblptru 000FF8  
TMR1_SetInterruptHandler@InterruptHandler 0007                   __end_of_TMR1_WriteTimer 0130  
           __size_of_INTERRUPT_Initialize 0004                          ?_TMR1_Initialize 0001  
                       _SYSTEM_Initialize 0130                                __accesstop 0060  
                 __end_of__initialization 0158                        ?_SYSTEM_Initialize 0001  
                           ___rparam_used 000001             __size_of_CCP2_DefaultCallBack 000C  
                          __pcstackCOMRAM 0001                       ??_SYSTEM_Initialize 000B  
                               ?_TMR1_ISR 0001             ?_TMR1_DefaultInterruptHandler 0001  
               __end_of_SYSTEM_Initialize 0146                           __CFG_PLLCFG$OFF 000000  
                              __pnvCOMRAM 000B                                ??_TMR1_ISR 0003  
                                 _CCP2CON 000F50                          __CFG_CANMX$PORTB 000000  
                                 _REFOCON 000F9A                                   _OSCCON2 000FD2  
                                 i2u14_48 008E                                   i2u15_48 00B8  
                                 _OSCTUNE 000F9B                          ?_TMR1_WriteTimer 0001  
                         __CFG_PWRTEN$OFF 000000                                   __Hparam 0000  
                                 __Lparam 0000                         ?_CCP2_SetCallBack 0007  
                      ??_CCP2_SetCallBack 0009                                   __pcinit 0158  
                                 __ramtop 0F00                                   __ptext0 0172  
                                 __ptext1 0130                                   __ptext2 003C  
                                 __ptext3 017C                                   __ptext4 00CC  
                                 __ptext5 0146                                   __ptext6 0190  
                                 __ptext7 00F2                                   __ptext8 0186  
          ??_TMR1_DefaultInterruptHandler 0001                                 _T1CONbits 000FCD  
                   _OSCILLATOR_Initialize 0146         __size_of_TMR1_SetInterruptHandler 000A  
                ??_PIN_MANAGER_Initialize 0007                 ?_TMR1_SetInterruptHandler 0007  
                       __CFG_MSSPMSK$MSK7 000000                __size_of_SYSTEM_Initialize 0016  
                    end_of_initialization 0158                             __Lmediumconst 0000  
                __size_of_CCP2_CaptureISR 002A                          __CFG_FOSC$INTIO2 000000  
                __size_of_CCP2_Initialize 0022              __end_of_INTERRUPT_Initialize 0194  
                       __size_of_TMR1_ISR 002E                    ?_OSCILLATOR_Initialize 0001  
            __end_of_CCP2_DefaultCallBack 0172                       start_initialization 0158  
          CCP2_SetCallBack@customCallBack 0007           __size_of_PIN_MANAGER_Initialize 0026  
                __size_of_TMR1_Initialize 0038                         ??_CCP2_CaptureISR 0003  
                             _CCPTMRSbits 000F99                    _PIN_MANAGER_Initialize 00CC  
                               __pintcode 0008          __end_of_TMR1_SetInterruptHandler 0186  
            ??_INTERRUPT_InterruptManager 0005                         ??_CCP2_Initialize 0009  
               __size_of_CCP2_SetCallBack 000A                      _INTERRUPT_Initialize 0190  
                                _PIE1bits 000F9D                                  _PIE3bits 000FA3  
                    _CCP2_DefaultCallBack 0166                  __size_of_TMR1_WriteTimer 001C  
     __size_of_INTERRUPT_InterruptManager 0030                                  _PIR1bits 000F9E  
                                _PIR3bits 000FA4                                  _RCONbits 000FD0  
                                _TMR1_ISR 0074                         ??_TMR1_Initialize 0009  
                        __CFG_SOSCSEL$DIG 000000                               _INTCON2bits 000FF1  
                   ?_INTERRUPT_Initialize 0001                     ?_CCP2_DefaultCallBack 0001  
                                __Hrparam 0000                                  __Lrparam 0000  
                      __CFG_BOREN$SBORDIS 000000                   ??_OSCILLATOR_Initialize 0007  
                _TMR1_SetInterruptHandler 017C                     _TMR1_InterruptHandler 000D  
                                __ptext10 0074                                  __ptext11 0114  
                                __ptext12 0194                                  __ptext13 00A2  
                              _T1GCONbits 000FAA                                  __ptext14 0166  
                                __ptext15 0000                           _CCP2_CaptureISR 00A2  
                           __size_of_main 000A                                  int$flags 0011  
      __end_of_INTERRUPT_InterruptManager 0038                _INTERRUPT_InterruptManager 0008  
                       ??_TMR1_WriteTimer 0003                       __CFG_INTOSCSEL$HIGH 000000  
                              _INTCONbits 000FF2                          _CCP2_SetCallBack 0186  
                  ??_INTERRUPT_Initialize 0007                                  intlevel2 0000  
                 ?_PIN_MANAGER_Initialize 0001                    ??_CCP2_DefaultCallBack 0003  
                         _CCP2_Initialize 00F2                        __CFG_WDTPS$1048576 000000  
                   CCP2_CaptureISR@module 0003                   __end_of_CCP2_CaptureISR 00CC  
          __end_of_PIN_MANAGER_Initialize 00F2                       __CFG_BORPWR$ZPBORMV 000000  
                         _TMR1_Initialize 003C  
